<?xml version="1.0" encoding="UTF-8"?>
<testsuite name="com.love.kafka.producer.DemoProducerTest" tests="2" skipped="0" failures="0" errors="0" timestamp="2023-07-24T11:36:09" hostname="VNPC021952" time="0.226">
  <properties/>
  <testcase name="testAsync()" classname="com.love.kafka.producer.DemoProducerTest" time="0.202"/>
  <testcase name="testSynchronous()" classname="com.love.kafka.producer.DemoProducerTest" time="0.023"/>
  <system-out><![CDATA[18:36:08.709 [Test worker] DEBUG org.springframework.test.context.BootstrapUtils - Instantiating CacheAwareContextLoaderDelegate from class [org.springframework.test.context.cache.DefaultCacheAwareContextLoaderDelegate]
18:36:08.713 [Test worker] DEBUG org.springframework.test.context.BootstrapUtils - Instantiating BootstrapContext using constructor [public org.springframework.test.context.support.DefaultBootstrapContext(java.lang.Class,org.springframework.test.context.CacheAwareContextLoaderDelegate)]
18:36:08.725 [Test worker] DEBUG org.springframework.test.context.BootstrapUtils - Instantiating TestContextBootstrapper for test class [com.love.kafka.producer.DemoProducerTest] from class [org.springframework.boot.test.context.SpringBootTestContextBootstrapper]
18:36:08.732 [Test worker] INFO org.springframework.boot.test.context.SpringBootTestContextBootstrapper - Neither @ContextConfiguration nor @ContextHierarchy found for test class [com.love.kafka.producer.DemoProducerTest], using SpringBootContextLoader
18:36:08.734 [Test worker] DEBUG org.springframework.test.context.support.AbstractContextLoader - Did not detect default resource location for test class [com.love.kafka.producer.DemoProducerTest]: class path resource [com/love/kafka/producer/DemoProducerTest-context.xml] does not exist
18:36:08.734 [Test worker] DEBUG org.springframework.test.context.support.AbstractContextLoader - Did not detect default resource location for test class [com.love.kafka.producer.DemoProducerTest]: class path resource [com/love/kafka/producer/DemoProducerTestContext.groovy] does not exist
18:36:08.735 [Test worker] INFO org.springframework.test.context.support.AbstractContextLoader - Could not detect default resource locations for test class [com.love.kafka.producer.DemoProducerTest]: no resource found for suffixes {-context.xml, Context.groovy}.
18:36:08.752 [Test worker] DEBUG org.springframework.test.context.support.ActiveProfilesUtils - Could not find an 'annotation declaring class' for annotation type [org.springframework.test.context.ActiveProfiles] and class [com.love.kafka.producer.DemoProducerTest]
18:36:08.797 [Test worker] DEBUG org.springframework.boot.test.context.SpringBootTestContextBootstrapper - @TestExecutionListeners is not present for class [com.love.kafka.producer.DemoProducerTest]: using defaults.
18:36:08.797 [Test worker] INFO org.springframework.boot.test.context.SpringBootTestContextBootstrapper - Loaded default TestExecutionListener class names from location [META-INF/spring.factories]: [org.springframework.boot.test.autoconfigure.restdocs.RestDocsTestExecutionListener, org.springframework.boot.test.autoconfigure.web.client.MockRestServiceServerResetTestExecutionListener, org.springframework.boot.test.autoconfigure.web.servlet.MockMvcPrintOnlyOnFailureTestExecutionListener, org.springframework.boot.test.autoconfigure.web.servlet.WebDriverTestExecutionListener, org.springframework.boot.test.autoconfigure.webservices.client.MockWebServiceServerTestExecutionListener, org.springframework.boot.test.mock.mockito.MockitoTestExecutionListener, org.springframework.boot.test.mock.mockito.ResetMocksTestExecutionListener, org.springframework.test.context.web.ServletTestExecutionListener, org.springframework.test.context.support.DirtiesContextBeforeModesTestExecutionListener, org.springframework.test.context.event.ApplicationEventsTestExecutionListener, org.springframework.test.context.support.DependencyInjectionTestExecutionListener, org.springframework.test.context.support.DirtiesContextTestExecutionListener, org.springframework.test.context.transaction.TransactionalTestExecutionListener, org.springframework.test.context.jdbc.SqlScriptsTestExecutionListener, org.springframework.test.context.event.EventPublishingTestExecutionListener]
18:36:08.801 [Test worker] DEBUG org.springframework.boot.test.context.SpringBootTestContextBootstrapper - Skipping candidate TestExecutionListener [org.springframework.test.context.web.ServletTestExecutionListener] due to a missing dependency. Specify custom listener classes or make the default listener classes and their required dependencies available. Offending class: [javax/servlet/ServletContext]
18:36:08.804 [Test worker] INFO org.springframework.boot.test.context.SpringBootTestContextBootstrapper - Using TestExecutionListeners: [org.springframework.test.context.support.DirtiesContextBeforeModesTestExecutionListener@245a26e1, org.springframework.test.context.event.ApplicationEventsTestExecutionListener@4d63b624, org.springframework.boot.test.mock.mockito.MockitoTestExecutionListener@466cf502, org.springframework.boot.test.autoconfigure.SpringBootDependencyInjectionTestExecutionListener@5b800468, org.springframework.test.context.support.DirtiesContextTestExecutionListener@2e185cd7, org.springframework.test.context.transaction.TransactionalTestExecutionListener@7e1a1da6, org.springframework.test.context.jdbc.SqlScriptsTestExecutionListener@5f7f2382, org.springframework.test.context.event.EventPublishingTestExecutionListener@407cf41, org.springframework.boot.test.autoconfigure.restdocs.RestDocsTestExecutionListener@6815c5f2, org.springframework.boot.test.autoconfigure.web.client.MockRestServiceServerResetTestExecutionListener@46cc127b, org.springframework.boot.test.autoconfigure.web.servlet.MockMvcPrintOnlyOnFailureTestExecutionListener@60094a13, org.springframework.boot.test.autoconfigure.web.servlet.WebDriverTestExecutionListener@5aceec94, org.springframework.boot.test.autoconfigure.webservices.client.MockWebServiceServerTestExecutionListener@1c32886a, org.springframework.boot.test.mock.mockito.ResetMocksTestExecutionListener@3a4b0e5d]
18:36:08.806 [Test worker] DEBUG org.springframework.test.context.support.AbstractDirtiesContextTestExecutionListener - Before test class: context [DefaultTestContext@7889a1ac testClass = DemoProducerTest, testInstance = [null], testMethod = [null], testException = [null], mergedContextConfiguration = [MergedContextConfiguration@3aee3976 testClass = DemoProducerTest, locations = '{}', classes = '{class com.love.kafka.KafkaApplication}', contextInitializerClasses = '[]', activeProfiles = '{}', propertySourceLocations = '{}', propertySourceProperties = '{org.springframework.boot.test.context.SpringBootTestContextBootstrapper=true}', contextCustomizers = set[org.springframework.boot.test.autoconfigure.actuate.metrics.MetricsExportContextCustomizerFactory$DisableMetricExportContextCustomizer@31aa3ca5, org.springframework.boot.test.autoconfigure.properties.PropertyMappingContextCustomizer@0, org.springframework.boot.test.autoconfigure.web.servlet.WebDriverContextCustomizerFactory$Customizer@3e10dc6, org.springframework.boot.test.context.filter.ExcludeFilterContextCustomizer@5a7005d, org.springframework.boot.test.json.DuplicateJsonObjectContextCustomizerFactory$DuplicateJsonObjectContextCustomizer@5e81e5ac, org.springframework.boot.test.mock.mockito.MockitoContextCustomizer@0, org.springframework.boot.test.web.client.TestRestTemplateContextCustomizer@4da602fc, org.springframework.boot.test.context.SpringBootTestArgs@1, org.springframework.boot.test.context.SpringBootTestWebEnvironment@2bdd8394], contextLoader = 'org.springframework.boot.test.context.SpringBootContextLoader', parent = [null]], attributes = map[[empty]]], class annotated with @DirtiesContext [false] with mode [null].
18:36:08.810 [Test worker] DEBUG org.springframework.test.context.support.DependencyInjectionTestExecutionListener - Performing dependency injection for test context [[DefaultTestContext@7889a1ac testClass = DemoProducerTest, testInstance = com.love.kafka.producer.DemoProducerTest@352c308, testMethod = [null], testException = [null], mergedContextConfiguration = [MergedContextConfiguration@3aee3976 testClass = DemoProducerTest, locations = '{}', classes = '{class com.love.kafka.KafkaApplication}', contextInitializerClasses = '[]', activeProfiles = '{}', propertySourceLocations = '{}', propertySourceProperties = '{org.springframework.boot.test.context.SpringBootTestContextBootstrapper=true}', contextCustomizers = set[org.springframework.boot.test.autoconfigure.actuate.metrics.MetricsExportContextCustomizerFactory$DisableMetricExportContextCustomizer@31aa3ca5, org.springframework.boot.test.autoconfigure.properties.PropertyMappingContextCustomizer@0, org.springframework.boot.test.autoconfigure.web.servlet.WebDriverContextCustomizerFactory$Customizer@3e10dc6, org.springframework.boot.test.context.filter.ExcludeFilterContextCustomizer@5a7005d, org.springframework.boot.test.json.DuplicateJsonObjectContextCustomizerFactory$DuplicateJsonObjectContextCustomizer@5e81e5ac, org.springframework.boot.test.mock.mockito.MockitoContextCustomizer@0, org.springframework.boot.test.web.client.TestRestTemplateContextCustomizer@4da602fc, org.springframework.boot.test.context.SpringBootTestArgs@1, org.springframework.boot.test.context.SpringBootTestWebEnvironment@2bdd8394], contextLoader = 'org.springframework.boot.test.context.SpringBootContextLoader', parent = [null]], attributes = map['org.springframework.test.context.event.ApplicationEventsTestExecutionListener.recordApplicationEvents' -> false]]].

  .   ____          _            __ _ _
 /\\ / ___'_ __ _ _(_)_ __  __ _ \ \ \ \
( ( )\___ | '_ | '_| | '_ \/ _` | \ \ \ \
 \\/  ___)| |_)| | | | | || (_| |  ) ) ) )
  '  |____| .__|_| |_|_| |_\__, | / / / /
 =========|_|==============|___/=/_/_/_/
 :: Spring Boot ::               (v2.7.14)

2023-07-24 18:36:08.965  INFO 16618 --- [    Test worker] c.love.kafka.producer.DemoProducerTest   : Starting DemoProducerTest using Java 11.0.19 on VNPC021952 with PID 16618 (started by kany in /Users/kany/project-local/love-challenge-code/O02_kafka/O02_kafka_003_kafka_native_with_spring)
2023-07-24 18:36:08.965  INFO 16618 --- [    Test worker] c.love.kafka.producer.DemoProducerTest   : No active profile set, falling back to 1 default profile: "default"
2023-07-24 18:36:09.557  INFO 16618 --- [    Test worker] c.love.kafka.producer.DemoProducerTest   : Started DemoProducerTest in 0.737 seconds (JVM running for 1.23)
2023-07-24 18:36:09.783  INFO 16618 --- [ad | producer-1] c.love.kafka.producer.DemoProducerTest   : [testSyncSend][Send number：[-2018544] Send result：[SendResult [producerRecord=ProducerRecord(topic=DEMO_01, partition=null, headers=RecordHeaders(headers = [RecordHeader(key = __TypeId__, value = [99, 111, 109, 46, 108, 111, 118, 101, 46, 107, 97, 102, 107, 97, 46, 109, 101, 115, 115, 97, 103, 101, 46, 68, 101, 109, 111, 77, 101, 115, 115, 97, 103, 101])], isReadOnly = true), key=null, value=Demo01Message{id=-2018544}, timestamp=null), recordMetadata=DEMO_01-0@4]]]
2023-07-24 18:36:09.786  INFO 16618 --- [    Test worker] c.love.kafka.producer.DemoProducerTest   : [onMessage][Thread number:-2018544 Message content：SendResult [producerRecord=ProducerRecord(topic=DEMO_01, partition=null, headers=RecordHeaders(headers = [RecordHeader(key = __TypeId__, value = [99, 111, 109, 46, 108, 111, 118, 101, 46, 107, 97, 102, 107, 97, 46, 109, 101, 115, 115, 97, 103, 101, 46, 68, 101, 109, 111, 77, 101, 115, 115, 97, 103, 101])], isReadOnly = true), key=null, value=Demo01Message{id=-2018544}, timestamp=null), recordMetadata=DEMO_01-0@5]]
]]></system-out>
  <system-err><![CDATA[]]></system-err>
</testsuite>
